The system is: Linux - 3.10.0-693.el7.x86_64 - x86_64
Compiling the C compiler identification source file "CMakeCCompilerId.c" succeeded.
Compiler: /usr/bin/cc 
Build flags: 
Id flags: 

The output was:
0


Compilation of the C compiler identification source "CMakeCCompilerId.c" produced "a.out"

The C compiler identification is GNU, found in "/home/zhaochunshan/gStore/tools/antlr4-cpp-runtime-4/CMakeFiles/3.6.2/CompilerIdC/a.out"

Compiling the CXX compiler identification source file "CMakeCXXCompilerId.cpp" succeeded.
Compiler: /usr/local/bin/g++ 
Build flags: 
Id flags: 

The output was:
0


Compilation of the CXX compiler identification source "CMakeCXXCompilerId.cpp" produced "a.out"

The CXX compiler identification is GNU, found in "/home/zhaochunshan/gStore/tools/antlr4-cpp-runtime-4/CMakeFiles/3.6.2/CompilerIdCXX/a.out"

Determining if the C compiler works passed with the following output:
Change Dir: /home/zhaochunshan/gStore/tools/antlr4-cpp-runtime-4/CMakeFiles/CMakeTmp

Run Build Command:"/usr/bin/gmake" "cmTC_6c720/fast"
gmake[1]: Entering directory `/home/zhaochunshan/gStore/tools/antlr4-cpp-runtime-4/CMakeFiles/CMakeTmp'
/usr/bin/gmake -f CMakeFiles/cmTC_6c720.dir/build.make CMakeFiles/cmTC_6c720.dir/build
gmake[2]: Entering directory `/home/zhaochunshan/gStore/tools/antlr4-cpp-runtime-4/CMakeFiles/CMakeTmp'
Building C object CMakeFiles/cmTC_6c720.dir/testCCompiler.c.o
/usr/bin/cc     -o CMakeFiles/cmTC_6c720.dir/testCCompiler.c.o   -c /home/zhaochunshan/gStore/tools/antlr4-cpp-runtime-4/CMakeFiles/CMakeTmp/testCCompiler.c
Linking C executable cmTC_6c720
/opt/cmake-3.6.2-Linux-x86_64/bin/cmake -E cmake_link_script CMakeFiles/cmTC_6c720.dir/link.txt --verbose=1
/usr/bin/cc       CMakeFiles/cmTC_6c720.dir/testCCompiler.c.o  -o cmTC_6c720 -rdynamic 
gmake[2]: Leaving directory `/home/zhaochunshan/gStore/tools/antlr4-cpp-runtime-4/CMakeFiles/CMakeTmp'
gmake[1]: Leaving directory `/home/zhaochunshan/gStore/tools/antlr4-cpp-runtime-4/CMakeFiles/CMakeTmp'


Detecting C compiler ABI info compiled with the following output:
Change Dir: /home/zhaochunshan/gStore/tools/antlr4-cpp-runtime-4/CMakeFiles/CMakeTmp

Run Build Command:"/usr/bin/gmake" "cmTC_6dbed/fast"
gmake[1]: Entering directory `/home/zhaochunshan/gStore/tools/antlr4-cpp-runtime-4/CMakeFiles/CMakeTmp'
/usr/bin/gmake -f CMakeFiles/cmTC_6dbed.dir/build.make CMakeFiles/cmTC_6dbed.dir/build
gmake[2]: Entering directory `/home/zhaochunshan/gStore/tools/antlr4-cpp-runtime-4/CMakeFiles/CMakeTmp'
Building C object CMakeFiles/cmTC_6dbed.dir/CMakeCCompilerABI.c.o
/usr/bin/cc     -o CMakeFiles/cmTC_6dbed.dir/CMakeCCompilerABI.c.o   -c /opt/cmake-3.6.2-Linux-x86_64/share/cmake-3.6/Modules/CMakeCCompilerABI.c
Linking C executable cmTC_6dbed
/opt/cmake-3.6.2-Linux-x86_64/bin/cmake -E cmake_link_script CMakeFiles/cmTC_6dbed.dir/link.txt --verbose=1
/usr/bin/cc      -v CMakeFiles/cmTC_6dbed.dir/CMakeCCompilerABI.c.o  -o cmTC_6dbed -rdynamic  
Using built-in specs.
COLLECT_GCC=/usr/bin/cc
COLLECT_LTO_WRAPPER=/usr/libexec/gcc/x86_64-redhat-linux/4.8.5/lto-wrapper
Target: x86_64-redhat-linux
Configured with: ../configure --prefix=/usr --mandir=/usr/share/man --infodir=/usr/share/info --with-bugurl=http://bugzilla.redhat.com/bugzilla --enable-bootstrap --enable-shared --enable-threads=posix --enable-checking=release --with-system-zlib --enable-__cxa_atexit --disable-libunwind-exceptions --enable-gnu-unique-object --enable-linker-build-id --with-linker-hash-style=gnu --enable-languages=c,c++,objc,obj-c++,java,fortran,ada,go,lto --enable-plugin --enable-initfini-array --disable-libgcj --with-isl=/builddir/build/BUILD/gcc-4.8.5-20150702/obj-x86_64-redhat-linux/isl-install --with-cloog=/builddir/build/BUILD/gcc-4.8.5-20150702/obj-x86_64-redhat-linux/cloog-install --enable-gnu-indirect-function --with-tune=generic --with-arch_32=x86-64 --build=x86_64-redhat-linux
Thread model: posix
gcc version 4.8.5 20150623 (Red Hat 4.8.5-36) (GCC) 
COMPILER_PATH=/usr/libexec/gcc/x86_64-redhat-linux/4.8.5/:/usr/libexec/gcc/x86_64-redhat-linux/4.8.5/:/usr/libexec/gcc/x86_64-redhat-linux/:/usr/lib/gcc/x86_64-redhat-linux/4.8.5/:/usr/lib/gcc/x86_64-redhat-linux/
LIBRARY_PATH=/usr/lib/gcc/x86_64-redhat-linux/4.8.5/:/usr/lib/gcc/x86_64-redhat-linux/4.8.5/../../../../lib64/:/lib/../lib64/:/usr/lib/../lib64/:/usr/lib/gcc/x86_64-redhat-linux/4.8.5/../../../:/lib/:/usr/lib/
COLLECT_GCC_OPTIONS='-v' '-o' 'cmTC_6dbed' '-rdynamic' '-mtune=generic' '-march=x86-64'
 /usr/libexec/gcc/x86_64-redhat-linux/4.8.5/collect2 --build-id --no-add-needed --eh-frame-hdr --hash-style=gnu -m elf_x86_64 -export-dynamic -dynamic-linker /lib64/ld-linux-x86-64.so.2 -o cmTC_6dbed /usr/lib/gcc/x86_64-redhat-linux/4.8.5/../../../../lib64/crt1.o /usr/lib/gcc/x86_64-redhat-linux/4.8.5/../../../../lib64/crti.o /usr/lib/gcc/x86_64-redhat-linux/4.8.5/crtbegin.o -L/usr/lib/gcc/x86_64-redhat-linux/4.8.5 -L/usr/lib/gcc/x86_64-redhat-linux/4.8.5/../../../../lib64 -L/lib/../lib64 -L/usr/lib/../lib64 -L/usr/lib/gcc/x86_64-redhat-linux/4.8.5/../../.. CMakeFiles/cmTC_6dbed.dir/CMakeCCompilerABI.c.o -lgcc --as-needed -lgcc_s --no-as-needed -lc -lgcc --as-needed -lgcc_s --no-as-needed /usr/lib/gcc/x86_64-redhat-linux/4.8.5/crtend.o /usr/lib/gcc/x86_64-redhat-linux/4.8.5/../../../../lib64/crtn.o
gmake[2]: Leaving directory `/home/zhaochunshan/gStore/tools/antlr4-cpp-runtime-4/CMakeFiles/CMakeTmp'
gmake[1]: Leaving directory `/home/zhaochunshan/gStore/tools/antlr4-cpp-runtime-4/CMakeFiles/CMakeTmp'


Parsed C implicit link information from above output:
  link line regex: [^( *|.*[/\])(ld|([^/\]+-)?ld|collect2)[^/\]*( |$)]
  ignore line: [Change Dir: /home/zhaochunshan/gStore/tools/antlr4-cpp-runtime-4/CMakeFiles/CMakeTmp]
  ignore line: []
  ignore line: [Run Build Command:"/usr/bin/gmake" "cmTC_6dbed/fast"]
  ignore line: [gmake[1]: Entering directory `/home/zhaochunshan/gStore/tools/antlr4-cpp-runtime-4/CMakeFiles/CMakeTmp']
  ignore line: [/usr/bin/gmake -f CMakeFiles/cmTC_6dbed.dir/build.make CMakeFiles/cmTC_6dbed.dir/build]
  ignore line: [gmake[2]: Entering directory `/home/zhaochunshan/gStore/tools/antlr4-cpp-runtime-4/CMakeFiles/CMakeTmp']
  ignore line: [Building C object CMakeFiles/cmTC_6dbed.dir/CMakeCCompilerABI.c.o]
  ignore line: [/usr/bin/cc     -o CMakeFiles/cmTC_6dbed.dir/CMakeCCompilerABI.c.o   -c /opt/cmake-3.6.2-Linux-x86_64/share/cmake-3.6/Modules/CMakeCCompilerABI.c]
  ignore line: [Linking C executable cmTC_6dbed]
  ignore line: [/opt/cmake-3.6.2-Linux-x86_64/bin/cmake -E cmake_link_script CMakeFiles/cmTC_6dbed.dir/link.txt --verbose=1]
  ignore line: [/usr/bin/cc      -v CMakeFiles/cmTC_6dbed.dir/CMakeCCompilerABI.c.o  -o cmTC_6dbed -rdynamic  ]
  ignore line: [Using built-in specs.]
  ignore line: [COLLECT_GCC=/usr/bin/cc]
  ignore line: [COLLECT_LTO_WRAPPER=/usr/libexec/gcc/x86_64-redhat-linux/4.8.5/lto-wrapper]
  ignore line: [Target: x86_64-redhat-linux]
  ignore line: [Configured with: ../configure --prefix=/usr --mandir=/usr/share/man --infodir=/usr/share/info --with-bugurl=http://bugzilla.redhat.com/bugzilla --enable-bootstrap --enable-shared --enable-threads=posix --enable-checking=release --with-system-zlib --enable-__cxa_atexit --disable-libunwind-exceptions --enable-gnu-unique-object --enable-linker-build-id --with-linker-hash-style=gnu --enable-languages=c,c++,objc,obj-c++,java,fortran,ada,go,lto --enable-plugin --enable-initfini-array --disable-libgcj --with-isl=/builddir/build/BUILD/gcc-4.8.5-20150702/obj-x86_64-redhat-linux/isl-install --with-cloog=/builddir/build/BUILD/gcc-4.8.5-20150702/obj-x86_64-redhat-linux/cloog-install --enable-gnu-indirect-function --with-tune=generic --with-arch_32=x86-64 --build=x86_64-redhat-linux]
  ignore line: [Thread model: posix]
  ignore line: [gcc version 4.8.5 20150623 (Red Hat 4.8.5-36) (GCC) ]
  ignore line: [COMPILER_PATH=/usr/libexec/gcc/x86_64-redhat-linux/4.8.5/:/usr/libexec/gcc/x86_64-redhat-linux/4.8.5/:/usr/libexec/gcc/x86_64-redhat-linux/:/usr/lib/gcc/x86_64-redhat-linux/4.8.5/:/usr/lib/gcc/x86_64-redhat-linux/]
  ignore line: [LIBRARY_PATH=/usr/lib/gcc/x86_64-redhat-linux/4.8.5/:/usr/lib/gcc/x86_64-redhat-linux/4.8.5/../../../../lib64/:/lib/../lib64/:/usr/lib/../lib64/:/usr/lib/gcc/x86_64-redhat-linux/4.8.5/../../../:/lib/:/usr/lib/]
  ignore line: [COLLECT_GCC_OPTIONS='-v' '-o' 'cmTC_6dbed' '-rdynamic' '-mtune=generic' '-march=x86-64']
  link line: [ /usr/libexec/gcc/x86_64-redhat-linux/4.8.5/collect2 --build-id --no-add-needed --eh-frame-hdr --hash-style=gnu -m elf_x86_64 -export-dynamic -dynamic-linker /lib64/ld-linux-x86-64.so.2 -o cmTC_6dbed /usr/lib/gcc/x86_64-redhat-linux/4.8.5/../../../../lib64/crt1.o /usr/lib/gcc/x86_64-redhat-linux/4.8.5/../../../../lib64/crti.o /usr/lib/gcc/x86_64-redhat-linux/4.8.5/crtbegin.o -L/usr/lib/gcc/x86_64-redhat-linux/4.8.5 -L/usr/lib/gcc/x86_64-redhat-linux/4.8.5/../../../../lib64 -L/lib/../lib64 -L/usr/lib/../lib64 -L/usr/lib/gcc/x86_64-redhat-linux/4.8.5/../../.. CMakeFiles/cmTC_6dbed.dir/CMakeCCompilerABI.c.o -lgcc --as-needed -lgcc_s --no-as-needed -lc -lgcc --as-needed -lgcc_s --no-as-needed /usr/lib/gcc/x86_64-redhat-linux/4.8.5/crtend.o /usr/lib/gcc/x86_64-redhat-linux/4.8.5/../../../../lib64/crtn.o]
    arg [/usr/libexec/gcc/x86_64-redhat-linux/4.8.5/collect2] ==> ignore
    arg [--build-id] ==> ignore
    arg [--no-add-needed] ==> ignore
    arg [--eh-frame-hdr] ==> ignore
    arg [--hash-style=gnu] ==> ignore
    arg [-m] ==> ignore
    arg [elf_x86_64] ==> ignore
    arg [-export-dynamic] ==> ignore
    arg [-dynamic-linker] ==> ignore
    arg [/lib64/ld-linux-x86-64.so.2] ==> ignore
    arg [-o] ==> ignore
    arg [cmTC_6dbed] ==> ignore
    arg [/usr/lib/gcc/x86_64-redhat-linux/4.8.5/../../../../lib64/crt1.o] ==> ignore
    arg [/usr/lib/gcc/x86_64-redhat-linux/4.8.5/../../../../lib64/crti.o] ==> ignore
    arg [/usr/lib/gcc/x86_64-redhat-linux/4.8.5/crtbegin.o] ==> ignore
    arg [-L/usr/lib/gcc/x86_64-redhat-linux/4.8.5] ==> dir [/usr/lib/gcc/x86_64-redhat-linux/4.8.5]
    arg [-L/usr/lib/gcc/x86_64-redhat-linux/4.8.5/../../../../lib64] ==> dir [/usr/lib/gcc/x86_64-redhat-linux/4.8.5/../../../../lib64]
    arg [-L/lib/../lib64] ==> dir [/lib/../lib64]
    arg [-L/usr/lib/../lib64] ==> dir [/usr/lib/../lib64]
    arg [-L/usr/lib/gcc/x86_64-redhat-linux/4.8.5/../../..] ==> dir [/usr/lib/gcc/x86_64-redhat-linux/4.8.5/../../..]
    arg [CMakeFiles/cmTC_6dbed.dir/CMakeCCompilerABI.c.o] ==> ignore
    arg [-lgcc] ==> lib [gcc]
    arg [--as-needed] ==> ignore
    arg [-lgcc_s] ==> lib [gcc_s]
    arg [--no-as-needed] ==> ignore
    arg [-lc] ==> lib [c]
    arg [-lgcc] ==> lib [gcc]
    arg [--as-needed] ==> ignore
    arg [-lgcc_s] ==> lib [gcc_s]
    arg [--no-as-needed] ==> ignore
    arg [/usr/lib/gcc/x86_64-redhat-linux/4.8.5/crtend.o] ==> ignore
    arg [/usr/lib/gcc/x86_64-redhat-linux/4.8.5/../../../../lib64/crtn.o] ==> ignore
  remove lib [gcc]
  remove lib [gcc_s]
  remove lib [gcc]
  remove lib [gcc_s]
  collapse library dir [/usr/lib/gcc/x86_64-redhat-linux/4.8.5] ==> [/usr/lib/gcc/x86_64-redhat-linux/4.8.5]
  collapse library dir [/usr/lib/gcc/x86_64-redhat-linux/4.8.5/../../../../lib64] ==> [/usr/lib64]
  collapse library dir [/lib/../lib64] ==> [/lib64]
  collapse library dir [/usr/lib/../lib64] ==> [/usr/lib64]
  collapse library dir [/usr/lib/gcc/x86_64-redhat-linux/4.8.5/../../..] ==> [/usr/lib]
  implicit libs: [c]
  implicit dirs: [/usr/lib/gcc/x86_64-redhat-linux/4.8.5;/usr/lib64;/lib64;/usr/lib]
  implicit fwks: []




Detecting C [-std=c11] compiler features compiled with the following output:
Change Dir: /home/zhaochunshan/gStore/tools/antlr4-cpp-runtime-4/CMakeFiles/CMakeTmp

Run Build Command:"/usr/bin/gmake" "cmTC_9fdfc/fast"
gmake[1]: Entering directory `/home/zhaochunshan/gStore/tools/antlr4-cpp-runtime-4/CMakeFiles/CMakeTmp'
/usr/bin/gmake -f CMakeFiles/cmTC_9fdfc.dir/build.make CMakeFiles/cmTC_9fdfc.dir/build
gmake[2]: Entering directory `/home/zhaochunshan/gStore/tools/antlr4-cpp-runtime-4/CMakeFiles/CMakeTmp'
Building C object CMakeFiles/cmTC_9fdfc.dir/feature_tests.c.o
/usr/bin/cc    -std=c11 -o CMakeFiles/cmTC_9fdfc.dir/feature_tests.c.o   -c /home/zhaochunshan/gStore/tools/antlr4-cpp-runtime-4/CMakeFiles/feature_tests.c
Linking C executable cmTC_9fdfc
/opt/cmake-3.6.2-Linux-x86_64/bin/cmake -E cmake_link_script CMakeFiles/cmTC_9fdfc.dir/link.txt --verbose=1
/usr/bin/cc       CMakeFiles/cmTC_9fdfc.dir/feature_tests.c.o  -o cmTC_9fdfc -rdynamic 
gmake[2]: Leaving directory `/home/zhaochunshan/gStore/tools/antlr4-cpp-runtime-4/CMakeFiles/CMakeTmp'
gmake[1]: Leaving directory `/home/zhaochunshan/gStore/tools/antlr4-cpp-runtime-4/CMakeFiles/CMakeTmp'


    Feature record: C_FEATURE:1c_function_prototypes
    Feature record: C_FEATURE:1c_restrict
    Feature record: C_FEATURE:1c_static_assert
    Feature record: C_FEATURE:1c_variadic_macros


Detecting C [-std=c99] compiler features compiled with the following output:
Change Dir: /home/zhaochunshan/gStore/tools/antlr4-cpp-runtime-4/CMakeFiles/CMakeTmp

Run Build Command:"/usr/bin/gmake" "cmTC_193b6/fast"
gmake[1]: Entering directory `/home/zhaochunshan/gStore/tools/antlr4-cpp-runtime-4/CMakeFiles/CMakeTmp'
/usr/bin/gmake -f CMakeFiles/cmTC_193b6.dir/build.make CMakeFiles/cmTC_193b6.dir/build
gmake[2]: Entering directory `/home/zhaochunshan/gStore/tools/antlr4-cpp-runtime-4/CMakeFiles/CMakeTmp'
Building C object CMakeFiles/cmTC_193b6.dir/feature_tests.c.o
/usr/bin/cc    -std=c99 -o CMakeFiles/cmTC_193b6.dir/feature_tests.c.o   -c /home/zhaochunshan/gStore/tools/antlr4-cpp-runtime-4/CMakeFiles/feature_tests.c
Linking C executable cmTC_193b6
/opt/cmake-3.6.2-Linux-x86_64/bin/cmake -E cmake_link_script CMakeFiles/cmTC_193b6.dir/link.txt --verbose=1
/usr/bin/cc       CMakeFiles/cmTC_193b6.dir/feature_tests.c.o  -o cmTC_193b6 -rdynamic 
gmake[2]: Leaving directory `/home/zhaochunshan/gStore/tools/antlr4-cpp-runtime-4/CMakeFiles/CMakeTmp'
gmake[1]: Leaving directory `/home/zhaochunshan/gStore/tools/antlr4-cpp-runtime-4/CMakeFiles/CMakeTmp'


    Feature record: C_FEATURE:1c_function_prototypes
    Feature record: C_FEATURE:1c_restrict
    Feature record: C_FEATURE:0c_static_assert
    Feature record: C_FEATURE:1c_variadic_macros


Detecting C [-std=c90] compiler features compiled with the following output:
Change Dir: /home/zhaochunshan/gStore/tools/antlr4-cpp-runtime-4/CMakeFiles/CMakeTmp

Run Build Command:"/usr/bin/gmake" "cmTC_1c1a7/fast"
gmake[1]: Entering directory `/home/zhaochunshan/gStore/tools/antlr4-cpp-runtime-4/CMakeFiles/CMakeTmp'
/usr/bin/gmake -f CMakeFiles/cmTC_1c1a7.dir/build.make CMakeFiles/cmTC_1c1a7.dir/build
gmake[2]: Entering directory `/home/zhaochunshan/gStore/tools/antlr4-cpp-runtime-4/CMakeFiles/CMakeTmp'
Building C object CMakeFiles/cmTC_1c1a7.dir/feature_tests.c.o
/usr/bin/cc    -std=c90 -o CMakeFiles/cmTC_1c1a7.dir/feature_tests.c.o   -c /home/zhaochunshan/gStore/tools/antlr4-cpp-runtime-4/CMakeFiles/feature_tests.c
Linking C executable cmTC_1c1a7
/opt/cmake-3.6.2-Linux-x86_64/bin/cmake -E cmake_link_script CMakeFiles/cmTC_1c1a7.dir/link.txt --verbose=1
/usr/bin/cc       CMakeFiles/cmTC_1c1a7.dir/feature_tests.c.o  -o cmTC_1c1a7 -rdynamic 
gmake[2]: Leaving directory `/home/zhaochunshan/gStore/tools/antlr4-cpp-runtime-4/CMakeFiles/CMakeTmp'
gmake[1]: Leaving directory `/home/zhaochunshan/gStore/tools/antlr4-cpp-runtime-4/CMakeFiles/CMakeTmp'


    Feature record: C_FEATURE:1c_function_prototypes
    Feature record: C_FEATURE:0c_restrict
    Feature record: C_FEATURE:0c_static_assert
    Feature record: C_FEATURE:0c_variadic_macros
Determining if the CXX compiler works passed with the following output:
Change Dir: /home/zhaochunshan/gStore/tools/antlr4-cpp-runtime-4/CMakeFiles/CMakeTmp

Run Build Command:"/usr/bin/gmake" "cmTC_b7028/fast"
gmake[1]: Entering directory `/home/zhaochunshan/gStore/tools/antlr4-cpp-runtime-4/CMakeFiles/CMakeTmp'
/usr/bin/gmake -f CMakeFiles/cmTC_b7028.dir/build.make CMakeFiles/cmTC_b7028.dir/build
gmake[2]: Entering directory `/home/zhaochunshan/gStore/tools/antlr4-cpp-runtime-4/CMakeFiles/CMakeTmp'
Building CXX object CMakeFiles/cmTC_b7028.dir/testCXXCompiler.cxx.o
/usr/local/bin/g++      -o CMakeFiles/cmTC_b7028.dir/testCXXCompiler.cxx.o -c /home/zhaochunshan/gStore/tools/antlr4-cpp-runtime-4/CMakeFiles/CMakeTmp/testCXXCompiler.cxx
Linking CXX executable cmTC_b7028
/opt/cmake-3.6.2-Linux-x86_64/bin/cmake -E cmake_link_script CMakeFiles/cmTC_b7028.dir/link.txt --verbose=1
/usr/local/bin/g++        CMakeFiles/cmTC_b7028.dir/testCXXCompiler.cxx.o  -o cmTC_b7028 -rdynamic 
gmake[2]: Leaving directory `/home/zhaochunshan/gStore/tools/antlr4-cpp-runtime-4/CMakeFiles/CMakeTmp'
gmake[1]: Leaving directory `/home/zhaochunshan/gStore/tools/antlr4-cpp-runtime-4/CMakeFiles/CMakeTmp'


Detecting CXX compiler ABI info compiled with the following output:
Change Dir: /home/zhaochunshan/gStore/tools/antlr4-cpp-runtime-4/CMakeFiles/CMakeTmp

Run Build Command:"/usr/bin/gmake" "cmTC_0eb39/fast"
gmake[1]: Entering directory `/home/zhaochunshan/gStore/tools/antlr4-cpp-runtime-4/CMakeFiles/CMakeTmp'
/usr/bin/gmake -f CMakeFiles/cmTC_0eb39.dir/build.make CMakeFiles/cmTC_0eb39.dir/build
gmake[2]: Entering directory `/home/zhaochunshan/gStore/tools/antlr4-cpp-runtime-4/CMakeFiles/CMakeTmp'
Building CXX object CMakeFiles/cmTC_0eb39.dir/CMakeCXXCompilerABI.cpp.o
/usr/local/bin/g++      -o CMakeFiles/cmTC_0eb39.dir/CMakeCXXCompilerABI.cpp.o -c /opt/cmake-3.6.2-Linux-x86_64/share/cmake-3.6/Modules/CMakeCXXCompilerABI.cpp
Linking CXX executable cmTC_0eb39
/opt/cmake-3.6.2-Linux-x86_64/bin/cmake -E cmake_link_script CMakeFiles/cmTC_0eb39.dir/link.txt --verbose=1
/usr/local/bin/g++       -v CMakeFiles/cmTC_0eb39.dir/CMakeCXXCompilerABI.cpp.o  -o cmTC_0eb39 -rdynamic  
Using built-in specs.
COLLECT_GCC=/usr/local/bin/g++
COLLECT_LTO_WRAPPER=/usr/local/libexec/gcc/x86_64-unknown-linux-gnu/5.4.0/lto-wrapper
Target: x86_64-unknown-linux-gnu
Configured with: ./configure --disable-multilib
Thread model: posix
gcc version 5.4.0 (GCC) 
COMPILER_PATH=/usr/local/libexec/gcc/x86_64-unknown-linux-gnu/5.4.0/:/usr/local/libexec/gcc/x86_64-unknown-linux-gnu/5.4.0/:/usr/local/libexec/gcc/x86_64-unknown-linux-gnu/:/usr/local/lib/gcc/x86_64-unknown-linux-gnu/5.4.0/:/usr/local/lib/gcc/x86_64-unknown-linux-gnu/
LIBRARY_PATH=/usr/local/lib/gcc/x86_64-unknown-linux-gnu/5.4.0/:/usr/local/lib/gcc/x86_64-unknown-linux-gnu/5.4.0/../../../../lib64/:/lib/../lib64/:/usr/lib/../lib64/:/usr/local/lib/gcc/x86_64-unknown-linux-gnu/5.4.0/../../../:/lib/:/usr/lib/
COLLECT_GCC_OPTIONS='-v' '-o' 'cmTC_0eb39' '-rdynamic' '-shared-libgcc' '-mtune=generic' '-march=x86-64'
 /usr/local/libexec/gcc/x86_64-unknown-linux-gnu/5.4.0/collect2 -plugin /usr/local/libexec/gcc/x86_64-unknown-linux-gnu/5.4.0/liblto_plugin.so -plugin-opt=/usr/local/libexec/gcc/x86_64-unknown-linux-gnu/5.4.0/lto-wrapper -plugin-opt=-fresolution=/tmp/ccfoyA9B.res -plugin-opt=-pass-through=-lgcc_s -plugin-opt=-pass-through=-lgcc -plugin-opt=-pass-through=-lc -plugin-opt=-pass-through=-lgcc_s -plugin-opt=-pass-through=-lgcc --eh-frame-hdr -m elf_x86_64 -export-dynamic -dynamic-linker /lib64/ld-linux-x86-64.so.2 -o cmTC_0eb39 /lib/../lib64/crt1.o /lib/../lib64/crti.o /usr/local/lib/gcc/x86_64-unknown-linux-gnu/5.4.0/crtbegin.o -L/usr/local/lib/gcc/x86_64-unknown-linux-gnu/5.4.0 -L/usr/local/lib/gcc/x86_64-unknown-linux-gnu/5.4.0/../../../../lib64 -L/lib/../lib64 -L/usr/lib/../lib64 -L/usr/local/lib/gcc/x86_64-unknown-linux-gnu/5.4.0/../../.. CMakeFiles/cmTC_0eb39.dir/CMakeCXXCompilerABI.cpp.o -lstdc++ -lm -lgcc_s -lgcc -lc -lgcc_s -lgcc /usr/local/lib/gcc/x86_64-unknown-linux-gnu/5.4.0/crtend.o /lib/../lib64/crtn.o
gmake[2]: Leaving directory `/home/zhaochunshan/gStore/tools/antlr4-cpp-runtime-4/CMakeFiles/CMakeTmp'
gmake[1]: Leaving directory `/home/zhaochunshan/gStore/tools/antlr4-cpp-runtime-4/CMakeFiles/CMakeTmp'


Parsed CXX implicit link information from above output:
  link line regex: [^( *|.*[/\])(ld|([^/\]+-)?ld|collect2)[^/\]*( |$)]
  ignore line: [Change Dir: /home/zhaochunshan/gStore/tools/antlr4-cpp-runtime-4/CMakeFiles/CMakeTmp]
  ignore line: []
  ignore line: [Run Build Command:"/usr/bin/gmake" "cmTC_0eb39/fast"]
  ignore line: [gmake[1]: Entering directory `/home/zhaochunshan/gStore/tools/antlr4-cpp-runtime-4/CMakeFiles/CMakeTmp']
  ignore line: [/usr/bin/gmake -f CMakeFiles/cmTC_0eb39.dir/build.make CMakeFiles/cmTC_0eb39.dir/build]
  ignore line: [gmake[2]: Entering directory `/home/zhaochunshan/gStore/tools/antlr4-cpp-runtime-4/CMakeFiles/CMakeTmp']
  ignore line: [Building CXX object CMakeFiles/cmTC_0eb39.dir/CMakeCXXCompilerABI.cpp.o]
  ignore line: [/usr/local/bin/g++      -o CMakeFiles/cmTC_0eb39.dir/CMakeCXXCompilerABI.cpp.o -c /opt/cmake-3.6.2-Linux-x86_64/share/cmake-3.6/Modules/CMakeCXXCompilerABI.cpp]
  ignore line: [Linking CXX executable cmTC_0eb39]
  ignore line: [/opt/cmake-3.6.2-Linux-x86_64/bin/cmake -E cmake_link_script CMakeFiles/cmTC_0eb39.dir/link.txt --verbose=1]
  ignore line: [/usr/local/bin/g++       -v CMakeFiles/cmTC_0eb39.dir/CMakeCXXCompilerABI.cpp.o  -o cmTC_0eb39 -rdynamic  ]
  ignore line: [Using built-in specs.]
  ignore line: [COLLECT_GCC=/usr/local/bin/g++]
  ignore line: [COLLECT_LTO_WRAPPER=/usr/local/libexec/gcc/x86_64-unknown-linux-gnu/5.4.0/lto-wrapper]
  ignore line: [Target: x86_64-unknown-linux-gnu]
  ignore line: [Configured with: ./configure --disable-multilib]
  ignore line: [Thread model: posix]
  ignore line: [gcc version 5.4.0 (GCC) ]
  ignore line: [COMPILER_PATH=/usr/local/libexec/gcc/x86_64-unknown-linux-gnu/5.4.0/:/usr/local/libexec/gcc/x86_64-unknown-linux-gnu/5.4.0/:/usr/local/libexec/gcc/x86_64-unknown-linux-gnu/:/usr/local/lib/gcc/x86_64-unknown-linux-gnu/5.4.0/:/usr/local/lib/gcc/x86_64-unknown-linux-gnu/]
  ignore line: [LIBRARY_PATH=/usr/local/lib/gcc/x86_64-unknown-linux-gnu/5.4.0/:/usr/local/lib/gcc/x86_64-unknown-linux-gnu/5.4.0/../../../../lib64/:/lib/../lib64/:/usr/lib/../lib64/:/usr/local/lib/gcc/x86_64-unknown-linux-gnu/5.4.0/../../../:/lib/:/usr/lib/]
  ignore line: [COLLECT_GCC_OPTIONS='-v' '-o' 'cmTC_0eb39' '-rdynamic' '-shared-libgcc' '-mtune=generic' '-march=x86-64']
  link line: [ /usr/local/libexec/gcc/x86_64-unknown-linux-gnu/5.4.0/collect2 -plugin /usr/local/libexec/gcc/x86_64-unknown-linux-gnu/5.4.0/liblto_plugin.so -plugin-opt=/usr/local/libexec/gcc/x86_64-unknown-linux-gnu/5.4.0/lto-wrapper -plugin-opt=-fresolution=/tmp/ccfoyA9B.res -plugin-opt=-pass-through=-lgcc_s -plugin-opt=-pass-through=-lgcc -plugin-opt=-pass-through=-lc -plugin-opt=-pass-through=-lgcc_s -plugin-opt=-pass-through=-lgcc --eh-frame-hdr -m elf_x86_64 -export-dynamic -dynamic-linker /lib64/ld-linux-x86-64.so.2 -o cmTC_0eb39 /lib/../lib64/crt1.o /lib/../lib64/crti.o /usr/local/lib/gcc/x86_64-unknown-linux-gnu/5.4.0/crtbegin.o -L/usr/local/lib/gcc/x86_64-unknown-linux-gnu/5.4.0 -L/usr/local/lib/gcc/x86_64-unknown-linux-gnu/5.4.0/../../../../lib64 -L/lib/../lib64 -L/usr/lib/../lib64 -L/usr/local/lib/gcc/x86_64-unknown-linux-gnu/5.4.0/../../.. CMakeFiles/cmTC_0eb39.dir/CMakeCXXCompilerABI.cpp.o -lstdc++ -lm -lgcc_s -lgcc -lc -lgcc_s -lgcc /usr/local/lib/gcc/x86_64-unknown-linux-gnu/5.4.0/crtend.o /lib/../lib64/crtn.o]
    arg [/usr/local/libexec/gcc/x86_64-unknown-linux-gnu/5.4.0/collect2] ==> ignore
    arg [-plugin] ==> ignore
    arg [/usr/local/libexec/gcc/x86_64-unknown-linux-gnu/5.4.0/liblto_plugin.so] ==> ignore
    arg [-plugin-opt=/usr/local/libexec/gcc/x86_64-unknown-linux-gnu/5.4.0/lto-wrapper] ==> ignore
    arg [-plugin-opt=-fresolution=/tmp/ccfoyA9B.res] ==> ignore
    arg [-plugin-opt=-pass-through=-lgcc_s] ==> ignore
    arg [-plugin-opt=-pass-through=-lgcc] ==> ignore
    arg [-plugin-opt=-pass-through=-lc] ==> ignore
    arg [-plugin-opt=-pass-through=-lgcc_s] ==> ignore
    arg [-plugin-opt=-pass-through=-lgcc] ==> ignore
    arg [--eh-frame-hdr] ==> ignore
    arg [-m] ==> ignore
    arg [elf_x86_64] ==> ignore
    arg [-export-dynamic] ==> ignore
    arg [-dynamic-linker] ==> ignore
    arg [/lib64/ld-linux-x86-64.so.2] ==> ignore
    arg [-o] ==> ignore
    arg [cmTC_0eb39] ==> ignore
    arg [/lib/../lib64/crt1.o] ==> ignore
    arg [/lib/../lib64/crti.o] ==> ignore
    arg [/usr/local/lib/gcc/x86_64-unknown-linux-gnu/5.4.0/crtbegin.o] ==> ignore
    arg [-L/usr/local/lib/gcc/x86_64-unknown-linux-gnu/5.4.0] ==> dir [/usr/local/lib/gcc/x86_64-unknown-linux-gnu/5.4.0]
    arg [-L/usr/local/lib/gcc/x86_64-unknown-linux-gnu/5.4.0/../../../../lib64] ==> dir [/usr/local/lib/gcc/x86_64-unknown-linux-gnu/5.4.0/../../../../lib64]
    arg [-L/lib/../lib64] ==> dir [/lib/../lib64]
    arg [-L/usr/lib/../lib64] ==> dir [/usr/lib/../lib64]
    arg [-L/usr/local/lib/gcc/x86_64-unknown-linux-gnu/5.4.0/../../..] ==> dir [/usr/local/lib/gcc/x86_64-unknown-linux-gnu/5.4.0/../../..]
    arg [CMakeFiles/cmTC_0eb39.dir/CMakeCXXCompilerABI.cpp.o] ==> ignore
    arg [-lstdc++] ==> lib [stdc++]
    arg [-lm] ==> lib [m]
    arg [-lgcc_s] ==> lib [gcc_s]
    arg [-lgcc] ==> lib [gcc]
    arg [-lc] ==> lib [c]
    arg [-lgcc_s] ==> lib [gcc_s]
    arg [-lgcc] ==> lib [gcc]
    arg [/usr/local/lib/gcc/x86_64-unknown-linux-gnu/5.4.0/crtend.o] ==> ignore
    arg [/lib/../lib64/crtn.o] ==> ignore
  remove lib [gcc_s]
  remove lib [gcc]
  remove lib [gcc_s]
  remove lib [gcc]
  collapse library dir [/usr/local/lib/gcc/x86_64-unknown-linux-gnu/5.4.0] ==> [/usr/local/lib/gcc/x86_64-unknown-linux-gnu/5.4.0]
  collapse library dir [/usr/local/lib/gcc/x86_64-unknown-linux-gnu/5.4.0/../../../../lib64] ==> [/usr/local/lib64]
  collapse library dir [/lib/../lib64] ==> [/lib64]
  collapse library dir [/usr/lib/../lib64] ==> [/usr/lib64]
  collapse library dir [/usr/local/lib/gcc/x86_64-unknown-linux-gnu/5.4.0/../../..] ==> [/usr/local/lib]
  implicit libs: [stdc++;m;c]
  implicit dirs: [/usr/local/lib/gcc/x86_64-unknown-linux-gnu/5.4.0;/usr/local/lib64;/lib64;/usr/lib64;/usr/local/lib]
  implicit fwks: []




Detecting CXX [-std=c++14] compiler features compiled with the following output:
Change Dir: /home/zhaochunshan/gStore/tools/antlr4-cpp-runtime-4/CMakeFiles/CMakeTmp

Run Build Command:"/usr/bin/gmake" "cmTC_46051/fast"
gmake[1]: Entering directory `/home/zhaochunshan/gStore/tools/antlr4-cpp-runtime-4/CMakeFiles/CMakeTmp'
/usr/bin/gmake -f CMakeFiles/cmTC_46051.dir/build.make CMakeFiles/cmTC_46051.dir/build
gmake[2]: Entering directory `/home/zhaochunshan/gStore/tools/antlr4-cpp-runtime-4/CMakeFiles/CMakeTmp'
Building CXX object CMakeFiles/cmTC_46051.dir/feature_tests.cxx.o
/usr/local/bin/g++     -std=c++14 -o CMakeFiles/cmTC_46051.dir/feature_tests.cxx.o -c /home/zhaochunshan/gStore/tools/antlr4-cpp-runtime-4/CMakeFiles/feature_tests.cxx
Linking CXX executable cmTC_46051
/opt/cmake-3.6.2-Linux-x86_64/bin/cmake -E cmake_link_script CMakeFiles/cmTC_46051.dir/link.txt --verbose=1
/usr/local/bin/g++        CMakeFiles/cmTC_46051.dir/feature_tests.cxx.o  -o cmTC_46051 -rdynamic 
gmake[2]: Leaving directory `/home/zhaochunshan/gStore/tools/antlr4-cpp-runtime-4/CMakeFiles/CMakeTmp'
gmake[1]: Leaving directory `/home/zhaochunshan/gStore/tools/antlr4-cpp-runtime-4/CMakeFiles/CMakeTmp'


    Feature record: CXX_FEATURE:1cxx_aggregate_default_initializers
    Feature record: CXX_FEATURE:1cxx_alias_templates
    Feature record: CXX_FEATURE:1cxx_alignas
    Feature record: CXX_FEATURE:1cxx_alignof
    Feature record: CXX_FEATURE:1cxx_attributes
    Feature record: CXX_FEATURE:1cxx_attribute_deprecated
    Feature record: CXX_FEATURE:1cxx_auto_type
    Feature record: CXX_FEATURE:1cxx_binary_literals
    Feature record: CXX_FEATURE:1cxx_constexpr
    Feature record: CXX_FEATURE:1cxx_contextual_conversions
    Feature record: CXX_FEATURE:1cxx_decltype
    Feature record: CXX_FEATURE:1cxx_decltype_auto
    Feature record: CXX_FEATURE:1cxx_decltype_incomplete_return_types
    Feature record: CXX_FEATURE:1cxx_default_function_template_args
    Feature record: CXX_FEATURE:1cxx_defaulted_functions
    Feature record: CXX_FEATURE:1cxx_defaulted_move_initializers
    Feature record: CXX_FEATURE:1cxx_delegating_constructors
    Feature record: CXX_FEATURE:1cxx_deleted_functions
    Feature record: CXX_FEATURE:1cxx_digit_separators
    Feature record: CXX_FEATURE:1cxx_enum_forward_declarations
    Feature record: CXX_FEATURE:1cxx_explicit_conversions
    Feature record: CXX_FEATURE:1cxx_extended_friend_declarations
    Feature record: CXX_FEATURE:1cxx_extern_templates
    Feature record: CXX_FEATURE:1cxx_final
    Feature record: CXX_FEATURE:1cxx_func_identifier
    Feature record: CXX_FEATURE:1cxx_generalized_initializers
    Feature record: CXX_FEATURE:1cxx_generic_lambdas
    Feature record: CXX_FEATURE:1cxx_inheriting_constructors
    Feature record: CXX_FEATURE:1cxx_inline_namespaces
    Feature record: CXX_FEATURE:1cxx_lambdas
    Feature record: CXX_FEATURE:1cxx_lambda_init_captures
    Feature record: CXX_FEATURE:1cxx_local_type_template_args
    Feature record: CXX_FEATURE:1cxx_long_long_type
    Feature record: CXX_FEATURE:1cxx_noexcept
    Feature record: CXX_FEATURE:1cxx_nonstatic_member_init
    Feature record: CXX_FEATURE:1cxx_nullptr
    Feature record: CXX_FEATURE:1cxx_override
    Feature record: CXX_FEATURE:1cxx_range_for
    Feature record: CXX_FEATURE:1cxx_raw_string_literals
    Feature record: CXX_FEATURE:1cxx_reference_qualified_functions
    Feature record: CXX_FEATURE:1cxx_relaxed_constexpr
    Feature record: CXX_FEATURE:1cxx_return_type_deduction
    Feature record: CXX_FEATURE:1cxx_right_angle_brackets
    Feature record: CXX_FEATURE:1cxx_rvalue_references
    Feature record: CXX_FEATURE:1cxx_sizeof_member
    Feature record: CXX_FEATURE:1cxx_static_assert
    Feature record: CXX_FEATURE:1cxx_strong_enums
    Feature record: CXX_FEATURE:1cxx_template_template_parameters
    Feature record: CXX_FEATURE:1cxx_thread_local
    Feature record: CXX_FEATURE:1cxx_trailing_return_types
    Feature record: CXX_FEATURE:1cxx_unicode_literals
    Feature record: CXX_FEATURE:1cxx_uniform_initialization
    Feature record: CXX_FEATURE:1cxx_unrestricted_unions
    Feature record: CXX_FEATURE:1cxx_user_literals
    Feature record: CXX_FEATURE:1cxx_variable_templates
    Feature record: CXX_FEATURE:1cxx_variadic_macros
    Feature record: CXX_FEATURE:1cxx_variadic_templates


Detecting CXX [-std=c++11] compiler features compiled with the following output:
Change Dir: /home/zhaochunshan/gStore/tools/antlr4-cpp-runtime-4/CMakeFiles/CMakeTmp

Run Build Command:"/usr/bin/gmake" "cmTC_7cce1/fast"
gmake[1]: Entering directory `/home/zhaochunshan/gStore/tools/antlr4-cpp-runtime-4/CMakeFiles/CMakeTmp'
/usr/bin/gmake -f CMakeFiles/cmTC_7cce1.dir/build.make CMakeFiles/cmTC_7cce1.dir/build
gmake[2]: Entering directory `/home/zhaochunshan/gStore/tools/antlr4-cpp-runtime-4/CMakeFiles/CMakeTmp'
Building CXX object CMakeFiles/cmTC_7cce1.dir/feature_tests.cxx.o
/usr/local/bin/g++     -std=c++11 -o CMakeFiles/cmTC_7cce1.dir/feature_tests.cxx.o -c /home/zhaochunshan/gStore/tools/antlr4-cpp-runtime-4/CMakeFiles/feature_tests.cxx
Linking CXX executable cmTC_7cce1
/opt/cmake-3.6.2-Linux-x86_64/bin/cmake -E cmake_link_script CMakeFiles/cmTC_7cce1.dir/link.txt --verbose=1
/usr/local/bin/g++        CMakeFiles/cmTC_7cce1.dir/feature_tests.cxx.o  -o cmTC_7cce1 -rdynamic 
gmake[2]: Leaving directory `/home/zhaochunshan/gStore/tools/antlr4-cpp-runtime-4/CMakeFiles/CMakeTmp'
gmake[1]: Leaving directory `/home/zhaochunshan/gStore/tools/antlr4-cpp-runtime-4/CMakeFiles/CMakeTmp'


    Feature record: CXX_FEATURE:0cxx_aggregate_default_initializers
    Feature record: CXX_FEATURE:1cxx_alias_templates
    Feature record: CXX_FEATURE:1cxx_alignas
    Feature record: CXX_FEATURE:1cxx_alignof
    Feature record: CXX_FEATURE:1cxx_attributes
    Feature record: CXX_FEATURE:0cxx_attribute_deprecated
    Feature record: CXX_FEATURE:1cxx_auto_type
    Feature record: CXX_FEATURE:0cxx_binary_literals
    Feature record: CXX_FEATURE:1cxx_constexpr
    Feature record: CXX_FEATURE:0cxx_contextual_conversions
    Feature record: CXX_FEATURE:1cxx_decltype
    Feature record: CXX_FEATURE:0cxx_decltype_auto
    Feature record: CXX_FEATURE:1cxx_decltype_incomplete_return_types
    Feature record: CXX_FEATURE:1cxx_default_function_template_args
    Feature record: CXX_FEATURE:1cxx_defaulted_functions
    Feature record: CXX_FEATURE:1cxx_defaulted_move_initializers
    Feature record: CXX_FEATURE:1cxx_delegating_constructors
    Feature record: CXX_FEATURE:1cxx_deleted_functions
    Feature record: CXX_FEATURE:0cxx_digit_separators
    Feature record: CXX_FEATURE:1cxx_enum_forward_declarations
    Feature record: CXX_FEATURE:1cxx_explicit_conversions
    Feature record: CXX_FEATURE:1cxx_extended_friend_declarations
    Feature record: CXX_FEATURE:1cxx_extern_templates
    Feature record: CXX_FEATURE:1cxx_final
    Feature record: CXX_FEATURE:1cxx_func_identifier
    Feature record: CXX_FEATURE:1cxx_generalized_initializers
    Feature record: CXX_FEATURE:0cxx_generic_lambdas
    Feature record: CXX_FEATURE:1cxx_inheriting_constructors
    Feature record: CXX_FEATURE:1cxx_inline_namespaces
    Feature record: CXX_FEATURE:1cxx_lambdas
    Feature record: CXX_FEATURE:0cxx_lambda_init_captures
    Feature record: CXX_FEATURE:1cxx_local_type_template_args
    Feature record: CXX_FEATURE:1cxx_long_long_type
    Feature record: CXX_FEATURE:1cxx_noexcept
    Feature record: CXX_FEATURE:1cxx_nonstatic_member_init
    Feature record: CXX_FEATURE:1cxx_nullptr
    Feature record: CXX_FEATURE:1cxx_override
    Feature record: CXX_FEATURE:1cxx_range_for
    Feature record: CXX_FEATURE:1cxx_raw_string_literals
    Feature record: CXX_FEATURE:1cxx_reference_qualified_functions
    Feature record: CXX_FEATURE:0cxx_relaxed_constexpr
    Feature record: CXX_FEATURE:0cxx_return_type_deduction
    Feature record: CXX_FEATURE:1cxx_right_angle_brackets
    Feature record: CXX_FEATURE:1cxx_rvalue_references
    Feature record: CXX_FEATURE:1cxx_sizeof_member
    Feature record: CXX_FEATURE:1cxx_static_assert
    Feature record: CXX_FEATURE:1cxx_strong_enums
    Feature record: CXX_FEATURE:1cxx_template_template_parameters
    Feature record: CXX_FEATURE:1cxx_thread_local
    Feature record: CXX_FEATURE:1cxx_trailing_return_types
    Feature record: CXX_FEATURE:1cxx_unicode_literals
    Feature record: CXX_FEATURE:1cxx_uniform_initialization
    Feature record: CXX_FEATURE:1cxx_unrestricted_unions
    Feature record: CXX_FEATURE:1cxx_user_literals
    Feature record: CXX_FEATURE:0cxx_variable_templates
    Feature record: CXX_FEATURE:1cxx_variadic_macros
    Feature record: CXX_FEATURE:1cxx_variadic_templates


Detecting CXX [-std=c++98] compiler features compiled with the following output:
Change Dir: /home/zhaochunshan/gStore/tools/antlr4-cpp-runtime-4/CMakeFiles/CMakeTmp

Run Build Command:"/usr/bin/gmake" "cmTC_9d540/fast"
gmake[1]: Entering directory `/home/zhaochunshan/gStore/tools/antlr4-cpp-runtime-4/CMakeFiles/CMakeTmp'
/usr/bin/gmake -f CMakeFiles/cmTC_9d540.dir/build.make CMakeFiles/cmTC_9d540.dir/build
gmake[2]: Entering directory `/home/zhaochunshan/gStore/tools/antlr4-cpp-runtime-4/CMakeFiles/CMakeTmp'
Building CXX object CMakeFiles/cmTC_9d540.dir/feature_tests.cxx.o
/usr/local/bin/g++     -std=c++98 -o CMakeFiles/cmTC_9d540.dir/feature_tests.cxx.o -c /home/zhaochunshan/gStore/tools/antlr4-cpp-runtime-4/CMakeFiles/feature_tests.cxx
Linking CXX executable cmTC_9d540
/opt/cmake-3.6.2-Linux-x86_64/bin/cmake -E cmake_link_script CMakeFiles/cmTC_9d540.dir/link.txt --verbose=1
/usr/local/bin/g++        CMakeFiles/cmTC_9d540.dir/feature_tests.cxx.o  -o cmTC_9d540 -rdynamic 
gmake[2]: Leaving directory `/home/zhaochunshan/gStore/tools/antlr4-cpp-runtime-4/CMakeFiles/CMakeTmp'
gmake[1]: Leaving directory `/home/zhaochunshan/gStore/tools/antlr4-cpp-runtime-4/CMakeFiles/CMakeTmp'


    Feature record: CXX_FEATURE:0cxx_aggregate_default_initializers
    Feature record: CXX_FEATURE:0cxx_alias_templates
    Feature record: CXX_FEATURE:0cxx_alignas
    Feature record: CXX_FEATURE:0cxx_alignof
    Feature record: CXX_FEATURE:0cxx_attributes
    Feature record: CXX_FEATURE:0cxx_attribute_deprecated
    Feature record: CXX_FEATURE:0cxx_auto_type
    Feature record: CXX_FEATURE:0cxx_binary_literals
    Feature record: CXX_FEATURE:0cxx_constexpr
    Feature record: CXX_FEATURE:0cxx_contextual_conversions
    Feature record: CXX_FEATURE:0cxx_decltype
    Feature record: CXX_FEATURE:0cxx_decltype_auto
    Feature record: CXX_FEATURE:0cxx_decltype_incomplete_return_types
    Feature record: CXX_FEATURE:0cxx_default_function_template_args
    Feature record: CXX_FEATURE:0cxx_defaulted_functions
    Feature record: CXX_FEATURE:0cxx_defaulted_move_initializers
    Feature record: CXX_FEATURE:0cxx_delegating_constructors
    Feature record: CXX_FEATURE:0cxx_deleted_functions
    Feature record: CXX_FEATURE:0cxx_digit_separators
    Feature record: CXX_FEATURE:0cxx_enum_forward_declarations
    Feature record: CXX_FEATURE:0cxx_explicit_conversions
    Feature record: CXX_FEATURE:0cxx_extended_friend_declarations
    Feature record: CXX_FEATURE:0cxx_extern_templates
    Feature record: CXX_FEATURE:0cxx_final
    Feature record: CXX_FEATURE:0cxx_func_identifier
    Feature record: CXX_FEATURE:0cxx_generalized_initializers
    Feature record: CXX_FEATURE:0cxx_generic_lambdas
    Feature record: CXX_FEATURE:0cxx_inheriting_constructors
    Feature record: CXX_FEATURE:0cxx_inline_namespaces
    Feature record: CXX_FEATURE:0cxx_lambdas
    Feature record: CXX_FEATURE:0cxx_lambda_init_captures
    Feature record: CXX_FEATURE:0cxx_local_type_template_args
    Feature record: CXX_FEATURE:0cxx_long_long_type
    Feature record: CXX_FEATURE:0cxx_noexcept
    Feature record: CXX_FEATURE:0cxx_nonstatic_member_init
    Feature record: CXX_FEATURE:0cxx_nullptr
    Feature record: CXX_FEATURE:0cxx_override
    Feature record: CXX_FEATURE:0cxx_range_for
    Feature record: CXX_FEATURE:0cxx_raw_string_literals
    Feature record: CXX_FEATURE:0cxx_reference_qualified_functions
    Feature record: CXX_FEATURE:0cxx_relaxed_constexpr
    Feature record: CXX_FEATURE:0cxx_return_type_deduction
    Feature record: CXX_FEATURE:0cxx_right_angle_brackets
    Feature record: CXX_FEATURE:0cxx_rvalue_references
    Feature record: CXX_FEATURE:0cxx_sizeof_member
    Feature record: CXX_FEATURE:0cxx_static_assert
    Feature record: CXX_FEATURE:0cxx_strong_enums
    Feature record: CXX_FEATURE:1cxx_template_template_parameters
    Feature record: CXX_FEATURE:0cxx_thread_local
    Feature record: CXX_FEATURE:0cxx_trailing_return_types
    Feature record: CXX_FEATURE:0cxx_unicode_literals
    Feature record: CXX_FEATURE:0cxx_uniform_initialization
    Feature record: CXX_FEATURE:0cxx_unrestricted_unions
    Feature record: CXX_FEATURE:0cxx_user_literals
    Feature record: CXX_FEATURE:0cxx_variable_templates
    Feature record: CXX_FEATURE:0cxx_variadic_macros
    Feature record: CXX_FEATURE:0cxx_variadic_templates
